<?xml version="1.0" encoding="UTF-8"?>
<!-- Generated by org.testng.reporters.JUnitReportReporter -->
<testsuite hostname="LTIN519675" failures="0" tests="4" name="modules.HomeLoanTest" time="36.068" errors="0" timestamp="2025-04-20T21:36:48 IST" skipped="0">
  <testcase classname="modules.HomeLoanTest" name="setData" time="10.572"/>
  <testcase classname="modules.HomeLoanTest" name="setData" time="8.463"/>
  <testcase classname="modules.HomeLoanTest" name="setData" time="8.620"/>
  <testcase classname="modules.HomeLoanTest" name="setData" time="8.413"/>
</testsuite> <!-- modules.HomeLoanTest -->
