<?xml version="1.0" encoding="UTF-8"?>
<!-- Generated by org.testng.reporters.JUnitReportReporter -->
<testsuite hostname="LTIN519675" failures="0" tests="4" name="carloan.CarLoanTest" time="42.825" errors="0" timestamp="2025-04-17T14:34:44 IST" skipped="0">
  <testcase classname="carloan.CarLoanTest" name="test" time="8.923"/>
  <testcase classname="carloan.CarLoanTest" name="test" time="10.066"/>
  <testcase classname="carloan.CarLoanTest" name="test" time="11.528"/>
  <testcase classname="carloan.CarLoanTest" name="test" time="12.308"/>
</testsuite> <!-- carloan.CarLoanTest -->
