<?xml version="1.0" encoding="UTF-8"?>
<!-- Generated by org.testng.reporters.JUnitReportReporter -->
<testsuite hostname="LTIN519675" failures="0" tests="4" name="modules.LoanCalculatorTest" time="76.582" errors="0" timestamp="2025-04-20T21:36:48 IST" skipped="0">
  <testcase classname="modules.LoanCalculatorTest" name="test" time="17.376"/>
  <testcase classname="modules.LoanCalculatorTest" name="test" time="17.337"/>
  <testcase classname="modules.LoanCalculatorTest" name="test" time="16.943"/>
  <testcase classname="modules.LoanCalculatorTest" name="test" time="24.926"/>
</testsuite> <!-- modules.LoanCalculatorTest -->
