<?xml version="1.0" encoding="UTF-8"?>
<!-- Generated by org.testng.reporters.JUnitReportReporter -->
<testsuite hostname="LTIN519675" failures="0" tests="4" name="modules.EmiLoanTest" time="52.032" errors="0" timestamp="2025-04-20T21:36:48 IST" skipped="0">
  <testcase classname="modules.EmiLoanTest" name="TestLoanCalculator" time="13.233"/>
  <testcase classname="modules.EmiLoanTest" name="TestLoanCalculator" time="14.268"/>
  <testcase classname="modules.EmiLoanTest" name="TestLoanCalculator" time="11.374"/>
  <testcase classname="modules.EmiLoanTest" name="TestLoanCalculator" time="13.157"/>
</testsuite> <!-- modules.EmiLoanTest -->
