<?xml version="1.0" encoding="UTF-8"?>
<!-- Generated by org.testng.reporters.JUnitReportReporter -->
<testsuite hostname="LTIN519675" failures="0" tests="4" name="modules.CarLoanTest" time="45.992" errors="0" timestamp="2025-04-20T21:36:48 IST" skipped="0">
  <testcase classname="modules.CarLoanTest" name="test" time="9.702"/>
  <testcase classname="modules.CarLoanTest" name="test" time="13.298"/>
  <testcase classname="modules.CarLoanTest" name="test" time="13.833"/>
  <testcase classname="modules.CarLoanTest" name="test" time="9.159"/>
</testsuite> <!-- modules.CarLoanTest -->
