<?xml version="1.0" encoding="UTF-8"?>
<!-- Generated by org.testng.reporters.JUnitReportReporter -->
<testsuite hostname="LTIN519675" failures="0" tests="2" name="smokeTest.NavigationBar" time="26.538" errors="0" timestamp="2025-04-20T21:36:48 IST" skipped="0">
  <testcase classname="smokeTest.NavigationBar" name="execute" time="13.168"/>
  <testcase classname="smokeTest.NavigationBar" name="execute" time="13.370"/>
</testsuite> <!-- smokeTest.NavigationBar -->
