<?xml version="1.0" encoding="UTF-8"?>
<!-- Generated by org.testng.reporters.JUnitReportReporter -->
<testsuite hostname="LTIN519675" failures="0" tests="1" name="project.NavigationBar" time="9.555" errors="0" timestamp="2025-04-17T11:46:22 IST" skipped="0">
  <testcase classname="project.NavigationBar" name="execute" time="9.555"/>
</testsuite> <!-- project.NavigationBar -->
