<?xml version="1.0" encoding="UTF-8"?>
<!-- Generated by org.testng.reporters.JUnitReportReporter -->
<testsuite hostname="LTIN519675" failures="0" tests="4" name="modules.LoanTenureTest" time="74.736" errors="0" timestamp="2025-04-20T21:36:48 IST" skipped="0">
  <testcase classname="modules.LoanTenureTest" name="test" time="14.603"/>
  <testcase classname="modules.LoanTenureTest" name="test" time="24.931"/>
  <testcase classname="modules.LoanTenureTest" name="test" time="20.816"/>
  <testcase classname="modules.LoanTenureTest" name="test" time="14.386"/>
</testsuite> <!-- modules.LoanTenureTest -->
